<?xml version="1.0" encoding="UTF-8"?>
<!-- Generated by org.testng.reporters.JUnitReportReporter -->
<testsuite hostname="manju-PC" name="TestNGOne.MultipleWindow" tests="1" failures="0" timestamp="4 Oct 2018 17:31:19 GMT" time="23.477" errors="0">
  <testcase name="access" time="23.477" classname="TestNGOne.MultipleWindow"/>
</testsuite> <!-- TestNGOne.MultipleWindow -->
