<?xml version="1.0" encoding="UTF-8"?>
<!-- Generated by org.testng.reporters.JUnitReportReporter -->
<testsuite hostname="manju-PC" name="TestNGOne.Employee" tests="2" failures="0" timestamp="7 Oct 2018 17:26:17 GMT" time="0.008" errors="0">
  <testcase name="test4" time="0.002" classname="TestNGOne.Employee"/>
  <testcase name="test3" time="0.006" classname="TestNGOne.Employee"/>
</testsuite> <!-- TestNGOne.Employee -->
