<?xml version="1.0" encoding="UTF-8"?>
<!-- Generated by org.testng.reporters.JUnitReportReporter -->
<testsuite hostname="manju-PC" name="TestNGOne.DropDownEx" tests="1" failures="0" timestamp="17 Sep 2018 17:52:34 GMT" time="66.671" errors="0">
  <testcase name="testOne" time="66.671" classname="TestNGOne.DropDownEx"/>
</testsuite> <!-- TestNGOne.DropDownEx -->
