<?xml version="1.0" encoding="UTF-8"?>
<!-- Generated by org.testng.reporters.JUnitReportReporter -->
<testsuite hostname="manju-PC" name="TestNGOne.DependencyEX" tests="3" failures="0" timestamp="2 Oct 2018 18:20:41 GMT" time="24.089" errors="0">
  <testcase name="enterCredentials" time="11.499" classname="TestNGOne.DependencyEX"/>
  <testcase name="openBrowser" time="5.951" classname="TestNGOne.DependencyEX"/>
  <testcase name="passAppUrl" time="6.639" classname="TestNGOne.DependencyEX"/>
</testsuite> <!-- TestNGOne.DependencyEX -->
