<?xml version="1.0" encoding="UTF-8"?>
<!-- Generated by org.testng.reporters.JUnitReportReporter -->
<testsuite hostname="manju-PC" name="TestNGOne.AlertEx" tests="2" failures="0" timestamp="18 Sep 2018 17:51:42 GMT" time="67.553" errors="0">
  <testcase name="accessAlert" time="37.279" classname="TestNGOne.AlertEx"/>
  <testcase name="accessAlertOne" time="30.274" classname="TestNGOne.AlertEx"/>
</testsuite> <!-- TestNGOne.AlertEx -->
