<?xml version="1.0" encoding="UTF-8"?>
<!-- Generated by org.testng.reporters.JUnitReportReporter -->
<testsuite hostname="manju-PC" name="TestNGOne.AAA" tests="1" failures="0" timestamp="7 Oct 2018 17:26:17 GMT" time="0.055" errors="0">
  <testcase name="add" time="0.055" classname="TestNGOne.AAA"/>
</testsuite> <!-- TestNGOne.AAA -->
