<?xml version="1.0" encoding="UTF-8"?>
<!-- Generated by org.testng.reporters.JUnitReportReporter -->
<testsuite hostname="manju-PC" name="DataDrivenFmwk.access" tests="2" failures="0" timestamp="7 Dec 2018 17:11:29 GMT" time="43.293" errors="0">
  <testcase name="validCredentials" time="22.475" classname="DataDrivenFmwk.access"/>
  <testcase name="inValidCredentials" time="20.818" classname="DataDrivenFmwk.access"/>
</testsuite> <!-- DataDrivenFmwk.access -->
