<?xml version="1.0" encoding="UTF-8"?>
<!-- Generated by org.testng.reporters.JUnitReportReporter -->
<testsuite hostname="manju-PC" name="TestNGOne.HealthCare" tests="2" failures="0" timestamp="7 Oct 2018 17:53:09 GMT" time="59.514" errors="0">
  <testcase name="testOne" time="20.324" classname="TestNGOne.HealthCare"/>
  <testcase name="testOne" time="39.190" classname="TestNGOne.HealthCare"/>
</testsuite> <!-- TestNGOne.HealthCare -->
