<?xml version="1.0" encoding="UTF-8"?>
<!-- Generated by org.testng.reporters.JUnitReportReporter -->
<testsuite hostname="manju-PC" name="TestNGOne.BBB" tests="1" failures="0" timestamp="7 Oct 2018 17:26:17 GMT" time="0.006" errors="0">
  <testcase name="Tamil" time="0.006" classname="TestNGOne.BBB"/>
</testsuite> <!-- TestNGOne.BBB -->
