<?xml version="1.0" encoding="UTF-8"?>
<!-- Generated by org.testng.reporters.JUnitReportReporter -->
<testsuite hostname="manju-PC" name="TestNGOne.DragAndDropEx" tests="1" failures="0" timestamp="24 Sep 2018 19:05:43 GMT" time="36.559" errors="0">
  <testcase name="access" time="36.559" classname="TestNGOne.DragAndDropEx"/>
</testsuite> <!-- TestNGOne.DragAndDropEx -->
