<?xml version="1.0" encoding="UTF-8"?>
<!-- Generated by org.testng.reporters.JUnitReportReporter -->
<testsuite hostname="manju-PC" name="Basics.FramesEx" tests="1" failures="0" timestamp="4 Oct 2018 17:58:14 GMT" time="25.076" errors="0">
  <testcase name="access" time="25.076" classname="Basics.FramesEx"/>
</testsuite> <!-- Basics.FramesEx -->
