<?xml version="1.0" encoding="UTF-8"?>
<!-- Generated by org.testng.reporters.JUnitReportReporter -->
<testsuite hostname="manju-PC" name="TestNGOne.Access" tests="1" failures="0" timestamp="4 Sep 2018 18:33:06 GMT" time="49.042" errors="0">
  <testcase name="ChromeEX" time="49.042" classname="TestNGOne.Access"/>
</testsuite> <!-- TestNGOne.Access -->
