<?xml version="1.0" encoding="UTF-8"?>
<!-- Generated by org.testng.reporters.JUnitReportReporter -->
<testsuite hostname="manju-PC" name="TestNGOne.TestOne" tests="1" failures="0" timestamp="29 Sep 2018 17:17:54 GMT" time="29.917" errors="0">
  <testcase name="scrollEvent" time="29.917" classname="TestNGOne.TestOne"/>
</testsuite> <!-- TestNGOne.TestOne -->
