<?xml version="1.0" encoding="UTF-8"?>
<!-- Generated by org.testng.reporters.JUnitReportReporter -->
<testsuite hostname="manju-PC" name="kExecutionFmwk.driverScript" tests="1" failures="0" timestamp="10 Dec 2018 17:26:30 GMT" time="24.659" errors="0">
  <testcase name="validCredential" time="24.659" classname="kExecutionFmwk.driverScript"/>
</testsuite> <!-- kExecutionFmwk.driverScript -->
