<?xml version="1.0" encoding="UTF-8"?>
<!-- Generated by org.testng.reporters.JUnitReportReporter -->
<testsuite hostname="manju-PC" name="TestNGOne.WaitEx" tests="1" failures="0" timestamp="2 Oct 2018 18:07:07 GMT" time="116.729" errors="0">
  <testcase name="testOne" time="116.729" classname="TestNGOne.WaitEx"/>
</testsuite> <!-- TestNGOne.WaitEx -->
