<?xml version="1.0" encoding="UTF-8"?>
<!-- Generated by org.testng.reporters.JUnitReportReporter -->
<testsuite hostname="manju-PC" name="TestNGOne.CCC" tests="3" failures="0" timestamp="7 Oct 2018 17:11:17 GMT" time="0.200" errors="0">
  <testcase name="increment" time="0.074" classname="TestNGOne.CCC"/>
  <testcase name="increment" time="0.066" classname="TestNGOne.CCC"/>
  <testcase name="increment" time="0.060" classname="TestNGOne.CCC"/>
</testsuite> <!-- TestNGOne.CCC -->
